<?xml version="1.0" encoding="UTF-8"?>
<testsuite xmlns:xsi="http://www.w3.org/2001/XMLSchema-instance" xsi:noNamespaceSchemaLocation="https://maven.apache.org/surefire/maven-surefire-plugin/xsd/surefire-test-report-3.0.xsd" version="3.0" name="is.hi.hbv202g.assignmentFinal.ReaderTest" time="0.032" tests="13" errors="0" skipped="0" failures="0">
  <properties>
    <property name="java.specification.version" value="21"/>
    <property name="sun.cpu.isalist" value="amd64"/>
    <property name="sun.jnu.encoding" value="Cp1252"/>
    <property name="java.class.path" value="C:\Users\ArnthorAtli\IdeaProjects\LibrarySystem\target\test-classes;C:\Users\ArnthorAtli\IdeaProjects\LibrarySystem\target\classes;C:\Users\ArnthorAtli\.m2\repository\junit\junit\4.13.2\junit-4.13.2.jar;C:\Users\ArnthorAtli\.m2\repository\org\hamcrest\hamcrest-core\1.3\hamcrest-core-1.3.jar;"/>
    <property name="java.vm.vendor" value="Oracle Corporation"/>
    <property name="sun.arch.data.model" value="64"/>
    <property name="user.variant" value=""/>
    <property name="java.vendor.url" value="https://java.oracle.com/"/>
    <property name="user.timezone" value="Atlantic/Reykjavik"/>
    <property name="os.name" value="Windows 11"/>
    <property name="java.vm.specification.version" value="21"/>
    <property name="sun.java.launcher" value="SUN_STANDARD"/>
    <property name="user.country" value="US"/>
    <property name="sun.boot.library.path" value="C:\Users\ArnthorAtli\.jdks\openjdk-21.0.1\bin"/>
    <property name="sun.java.command" value="C:\Users\ArnthorAtli\AppData\Local\Temp\surefire13435317744580044082\surefirebooter-20240416114047615_3.jar C:\Users\ArnthorAtli\AppData\Local\Temp\surefire13435317744580044082 2024-04-16T11-40-47_272-jvmRun1 surefire-20240416114047615_1tmp surefire_0-20240416114047615_2tmp"/>
    <property name="jdk.debug" value="release"/>
    <property name="surefire.test.class.path" value="C:\Users\ArnthorAtli\IdeaProjects\LibrarySystem\target\test-classes;C:\Users\ArnthorAtli\IdeaProjects\LibrarySystem\target\classes;C:\Users\ArnthorAtli\.m2\repository\junit\junit\4.13.2\junit-4.13.2.jar;C:\Users\ArnthorAtli\.m2\repository\org\hamcrest\hamcrest-core\1.3\hamcrest-core-1.3.jar;"/>
    <property name="sun.cpu.endian" value="little"/>
    <property name="user.home" value="C:\Users\ArnthorAtli"/>
    <property name="user.language" value="en"/>
    <property name="java.specification.vendor" value="Oracle Corporation"/>
    <property name="java.version.date" value="2023-10-17"/>
    <property name="java.home" value="C:\Users\ArnthorAtli\.jdks\openjdk-21.0.1"/>
    <property name="file.separator" value="\"/>
    <property name="basedir" value="C:\Users\ArnthorAtli\IdeaProjects\LibrarySystem"/>
    <property name="java.vm.compressedOopsMode" value="32-bit"/>
    <property name="line.separator" value="&#10;"/>
    <property name="java.vm.specification.vendor" value="Oracle Corporation"/>
    <property name="java.specification.name" value="Java Platform API Specification"/>
    <property name="surefire.real.class.path" value="C:\Users\ArnthorAtli\AppData\Local\Temp\surefire13435317744580044082\surefirebooter-20240416114047615_3.jar"/>
    <property name="user.script" value=""/>
    <property name="sun.management.compiler" value="HotSpot 64-Bit Tiered Compilers"/>
    <property name="java.runtime.version" value="21.0.1+12-29"/>
    <property name="user.name" value="ArnthorAtli"/>
    <property name="stdout.encoding" value="Cp1252"/>
    <property name="path.separator" value=";"/>
    <property name="os.version" value="10.0"/>
    <property name="java.runtime.name" value="OpenJDK Runtime Environment"/>
    <property name="file.encoding" value="UTF-8"/>
    <property name="java.vm.name" value="OpenJDK 64-Bit Server VM"/>
    <property name="localRepository" value="C:\Users\ArnthorAtli\.m2\repository"/>
    <property name="java.vendor.url.bug" value="https://bugreport.java.com/bugreport/"/>
    <property name="java.io.tmpdir" value="C:\Users\ARNTHO~1\AppData\Local\Temp\"/>
    <property name="idea.version" value="2023.3.2"/>
    <property name="java.version" value="21.0.1"/>
    <property name="user.dir" value="C:\Users\ArnthorAtli\IdeaProjects\LibrarySystem"/>
    <property name="os.arch" value="amd64"/>
    <property name="java.vm.specification.name" value="Java Virtual Machine Specification"/>
    <property name="sun.os.patch.level" value=""/>
    <property name="native.encoding" value="Cp1252"/>
    <property name="java.library.path" value="C:\Users\ArnthorAtli\.jdks\openjdk-21.0.1\bin;C:\WINDOWS\Sun\Java\bin;C:\WINDOWS\system32;C:\WINDOWS;C:\Program Files\Eclipse Adoptium\jdk-21.0.2.13-hotspot\bin;C:\Program Files\Git\usr\local\bin;C:\Program Files\Git\bin;C:\Program Files (x86)\Common Files\Intel\Shared Libraries\redist\intel64\compiler;C:\Program Files (x86)\Common Files\Oracle\Java\javapath;C:\Program Files (x86)\Razer Chroma SDK\bin;C:\Program Files\Razer Chroma SDK\bin;C:\Program Files (x86)\Intel\Intel(R) Management Engine Components\iCLS\;C:\Program Files\Intel\Intel(R) Management Engine Components\iCLS\;C:\Windows\system32;C:\Windows;C:\Windows\System32\Wbem;C:\Windows\System32\WindowsPowerShell\v1.0\;C:\Windows\System32\OpenSSH\;C:\Program Files (x86)\Intel\Intel(R) Management Engine Components\DAL;C:\Program Files\Intel\Intel(R) Management Engine Components\DAL;C:\Users\Administrator\AppData\Local\Microsoft\WindowsApps;C:\WINDOWS\system32;C:\WINDOWS;C:\WINDOWS\System32\Wbem;C:\WINDOWS\System32\WindowsPowerShell\v1.0\;C:\WINDOWS\System32\OpenSSH\;C:\Program Files\Git\cmd;C:\Users\ArnthorAtli\AppData\Local\Programs\Python\Python310\Scripts\;C:\Users\ArnthorAtli\AppData\Local\Programs\Python\Python310\;C:\Users\ArnthorAtli\AppData\Local\Microsoft\WindowsApps;C:\Users\ArnthorAtli\AppData\Local\Programs\Microsoft VS Code\bin;C:\Users\ArnthorAtli\AppData\Local\JetBrains\Toolbox\scripts;C:\Users\ArnthorAtli\maven\apache-maven-3.9.6\bin;;."/>
    <property name="java.vm.info" value="mixed mode, sharing"/>
    <property name="stderr.encoding" value="Cp1252"/>
    <property name="java.vendor" value="Oracle Corporation"/>
    <property name="java.vm.version" value="21.0.1+12-29"/>
    <property name="sun.io.unicode.encoding" value="UnicodeLittle"/>
    <property name="java.class.version" value="65.0"/>
  </properties>
  <testcase name="addStudentCommand" classname="is.hi.hbv202g.assignmentFinal.ReaderTest" time="0.001">
    <system-out><![CDATA[You are missing the name of the student or if his fee is paid
Use the command: -addStudent -name -feeIsPaid(true/false)
addStudent takes 2 arguments
Use the command: -addStudent -name -feeIsPaid(true/false)
]]></system-out>
  </testcase>
  <testcase name="findBookCommand" classname="is.hi.hbv202g.assignmentFinal.ReaderTest" time="0.001">
    <system-out><![CDATA[the -findBook command takes one argument, the title of the book
Use the command: -findBook -title
the -findBook command takes one argument, the title of the book
Use the command: -findBook -title
]]></system-out>
  </testcase>
  <testcase name="statusCommand" classname="is.hi.hbv202g.assignmentFinal.ReaderTest" time="0.0"/>
  <testcase name="quitCommand" classname="is.hi.hbv202g.assignmentFinal.ReaderTest" time="0.0"/>
  <testcase name="borrowBookCommand" classname="is.hi.hbv202g.assignmentFinal.ReaderTest" time="0.011">
    <system-out><![CDATA[borrowBook takes 2 arguments
Use the command: -borrowBook -user -title
borrowBook takes 2 arguments
Use the command: -borrowBook -user -title
]]></system-out>
  </testcase>
  <testcase name="returnBookCommand" classname="is.hi.hbv202g.assignmentFinal.ReaderTest" time="0.002">
    <system-out><![CDATA[returnBook takes 2 arguments
Use the command: -returnBook -user -title
returnBook takes 2 arguments
Use the command: -returnBook -user -title
]]></system-out>
  </testcase>
  <testcase name="commandNotFound" classname="is.hi.hbv202g.assignmentFinal.ReaderTest" time="0.003">
    <system-out><![CDATA[Please type a legal command
If you need any help, type -help
]]></system-out>
  </testcase>
  <testcase name="addCollectionCommand" classname="is.hi.hbv202g.assignmentFinal.ReaderTest" time="0.002">
    <system-out><![CDATA[addCollection takes the minimum of 5 arguments
Use the command: -addCollection -nameOfCollection -T -title1 -title2... -A -author1 -author2...
]]></system-out>
  </testcase>
  <testcase name="addBookCommand" classname="is.hi.hbv202g.assignmentFinal.ReaderTest" time="0.001">
    <system-out><![CDATA[You are missing a title or a author
to add a book use the command: -addBook -title -author
]]></system-out>
  </testcase>
  <testcase name="addFacultyMemberCommand" classname="is.hi.hbv202g.assignmentFinal.ReaderTest" time="0.003">
    <system-out><![CDATA[You are missing the name of the member or his department
Use the command: -addFacultyMember -name -department 
addFacultyMember takes 2 arguments
Use the command: -addFacultyMember -name -department 
]]></system-out>
  </testcase>
  <testcase name="borrowCollectionCommand" classname="is.hi.hbv202g.assignmentFinal.ReaderTest" time="0.001">
    <system-out><![CDATA[borrowCollection takes 2 arguments
Use the command: -borrowCollection -nameOfCollection -user
borrowCollection takes 2 arguments
Use the command: -borrowCollection -nameOfCollection -user
]]></system-out>
  </testcase>
  <testcase name="helpCommand" classname="is.hi.hbv202g.assignmentFinal.ReaderTest" time="0.0"/>
  <testcase name="findUserCommand" classname="is.hi.hbv202g.assignmentFinal.ReaderTest" time="0.001">
    <system-out><![CDATA[the -findUser command takes one argument, the name of the user
Use the command: -findUser -name
the -findUser command takes one argument, the name of the user
Use the command: -findUser -name
]]></system-out>
  </testcase>
</testsuite>